<?xml version="1.0" encoding="UTF-8"?>
<!-- Generated by org.testng.reporters.JUnitReportReporter -->
<testsuite hostname="7-PC" name="interfacePerformance.util.BasicPortal" tests="1" failures="0" timestamp="15 Oct 2015 04:19:21 GMT" time="0.078" errors="0">
  <testcase name="main1" time="0.078" classname="interfacePerformance.util.BasicPortal"/>
</testsuite> <!-- interfacePerformance.util.BasicPortal -->
